#
# A fatal error has been detected by the Java Runtime Environment:
#
#  EXCEPTION_ACCESS_VIOLATION (0xc0000005) at pc=0x0000000000000000, pid=1920, tid=0x00000000000008d8
#
# JRE version: OpenJDK Runtime Environment (8.0_152-b01) (build 1.8.0_152-release-915-b01)
# Java VM: OpenJDK 64-Bit Server VM (25.152-b01 mixed mode windows-amd64 compressed oops)
# Problematic frame:
# C  0x0000000000000000
#
# Failed to write core dump. Minidumps are not enabled by default on client versions of Windows
#
# If you would like to submit a bug report, please visit:
#   http://bugreport.java.com/bugreport/crash.jsp
#

---------------  T H R E A D  ---------------

Current thread (0x0000000002121000):  GCTaskThread [stack: 0x0000000012140000,0x0000000012240000] [id=2264]

siginfo: ExceptionCode=0xc0000005, ExceptionInformation=0x0000000000000008 0x0000000000000000

Registers:
RAX=0x00000000546219f0, RBX=0x0000000000000a9c, RCX=0x00000000145909a8, RDX=0x0000000054ec5d00
RSP=0x000000001223f5d8, RBP=0x0000000054df57b0, RSI=0x0000000054ec5d00, RDI=0x000000000211b0d0
R8 =0x00000000c29ffbf0, R9 =0x00000000145909a8, R10=0x000000000000000c, R11=0x0000000000000a9c
R12=0x00000000021219d0, R13=0x0000000002121da8, R14=0x00000000000003d8, R15=0x0000000000000000
RIP=0x0000000000000000, EFLAGS=0x0000000000010202

Top of Stack: (sp=0x000000001223f5d8)
0x000000001223f5d8:   00000000731134c0 0000000055805520
0x000000001223f5e8:   0000000054df57b0 0000000054ec5d00
0x000000001223f5f8:   00000000021219d0 000000ac0000057a
0x000000001223f608:   0000000000000c00 0000000000000000
0x000000001223f618:   0000000000000000 0000000000000000
0x000000001223f628:   0000000058234000 0000000000000001
0x000000001223f638:   000000007311bb01 0000831206cb15b5
0x000000001223f648:   0000000002121da8 00000000021219d0
0x000000001223f658:   00000000000003d8 00000000021219d0
0x000000001223f668:   000000000211b0d0 00000000021219c0
0x000000001223f678:   0000000054df57b0 0000000054ec5d00
0x000000001223f688:   0000000073110513 00000000c29ffbf0
0x000000001223f698:   000000ac0000057a 00000000020cdad0
0x000000001223f6a8:   0000000072f45b52 0000000073363800
0x000000001223f6b8:   0000000000000000 0000000054ec5d00
0x000000001223f6c8:   00000000733121c0 0000000002116800 

Instructions: (pc=0x0000000000000000)
0xffffffffffffffe0:   


Register to memory mapping:

RAX={method} {0x00000000546219f8} 'equals' '(Ljava/lang/Object;)Z' in 'java/lang/Byte'
RBX=0x0000000000000a9c is an unknown value
RCX=0x00000000145909a8 is pointing into metadata
RDX=0x0000000054ec5d00 is an unknown value
RSP=0x000000001223f5d8 is an unknown value
RBP=0x0000000054df57b0 is an unknown value
RSI=0x0000000054ec5d00 is an unknown value
RDI=0x000000000211b0d0 is an unknown value
R8 =0x00000000c29ffbf0 is an oop

[error occurred during error reporting (printing register info), id 0xc0000005]

Stack: [0x0000000012140000,0x0000000012240000],  sp=0x000000001223f5d8,  free space=1021k
Native frames: (J=compiled Java code, j=interpreted, Vv=VM code, C=native code)


---------------  P R O C E S S  ---------------

Java Threads: ( => current thread )
  0x0000000058903000 JavaThread "Memory manager" [_thread_blocked, id=2388, stack(0x000000005fad0000,0x000000005fbd0000)]
  0x0000000058901800 JavaThread "build operations Thread 4" [_thread_blocked, id=1732, stack(0x000000005a440000,0x000000005a540000)]
  0x0000000058901000 JavaThread "build operations Thread 3" [_thread_blocked, id=2308, stack(0x000000005f2c0000,0x000000005f3c0000)]
  0x0000000058900000 JavaThread "build operations Thread 2" [_thread_blocked, id=1752, stack(0x000000005b200000,0x000000005b300000)]
  0x00000000588ff800 JavaThread "build operations" [_thread_blocked, id=1700, stack(0x000000005f160000,0x000000005f260000)]
  0x00000000588fd000 JavaThread "Cache worker for Artifact transforms cache (C:\Users\Lenovo\.gradle\caches\transforms-1)" [_thread_blocked, id=900, stack(0x000000005d790000,0x000000005d890000)]
  0x0000000058d87000 JavaThread "Cache worker for file hash cache (D:\Android Projects\VinVidyaStaff\.gradle\4.1\fileHashes)" [_thread_blocked, id=1964, stack(0x000000005aed0000,0x000000005afd0000)]
  0x0000000058d69000 JavaThread "File lock request listener" [_thread_in_native, id=1952, stack(0x000000005a870000,0x000000005a970000)]
  0x000000005871b800 JavaThread "Cache worker for file hash cache (C:\Users\Lenovo\.gradle\caches\4.1\fileHashes)" [_thread_blocked, id=2336, stack(0x000000005ab30000,0x000000005ac30000)]
  0x0000000058226800 JavaThread "Stdin handler" [_thread_blocked, id=1900, stack(0x000000005a9c0000,0x000000005aac0000)]
  0x00000000581bf800 JavaThread "Asynchronous log dispatcher for DefaultDaemonConnection: socket connection from /127.0.0.1:49188 to /127.0.0.1:49189" [_thread_blocked, id=2212, stack(0x000000005a6e0000,0x000000005a7e0000)]
  0x0000000058234000 JavaThread "Daemon worker" [_thread_blocked, id=2536, stack(0x0000000059ee0000,0x0000000059fe0000)]
  0x0000000058231800 JavaThread "Cancel handler" [_thread_blocked, id=1960, stack(0x000000005a540000,0x000000005a640000)]
  0x0000000058dc6800 JavaThread "Handler for socket connection from /127.0.0.1:49188 to /127.0.0.1:49189" [_thread_in_native, id=836, stack(0x0000000056860000,0x0000000056960000)]
  0x0000000058dc5800 JavaThread "Daemon" [_thread_blocked, id=1308, stack(0x000000005a140000,0x000000005a240000)]
  0x00000000582cb000 JavaThread "Daemon periodic checks" [_thread_blocked, id=1124, stack(0x000000005a010000,0x000000005a110000)]
  0x00000000581e8000 JavaThread "Incoming local TCP Connector on port 49188" [_thread_in_native, id=2144, stack(0x0000000059dd0000,0x0000000059ed0000)]
  0x0000000056af8800 JavaThread "Service Thread" daemon [_thread_blocked, id=736, stack(0x0000000056fa0000,0x00000000570a0000)]
  0x0000000056af7800 JavaThread "C1 CompilerThread2" daemon [_thread_blocked, id=1696, stack(0x0000000056ea0000,0x0000000056fa0000)]
  0x0000000054f74800 JavaThread "C2 CompilerThread1" daemon [_thread_blocked, id=984, stack(0x00000000569a0000,0x0000000056aa0000)]
  0x0000000054f6c000 JavaThread "C2 CompilerThread0" daemon [_thread_blocked, id=712, stack(0x0000000056750000,0x0000000056850000)]
  0x0000000054f7d000 JavaThread "Attach Listener" daemon [_thread_blocked, id=1324, stack(0x0000000055f90000,0x0000000056090000)]
  0x0000000054f7b800 JavaThread "Signal Dispatcher" daemon [_thread_blocked, id=2788, stack(0x0000000056640000,0x0000000056740000)]
  0x0000000054f58000 JavaThread "Finalizer" daemon [_thread_blocked, id=2756, stack(0x0000000056470000,0x0000000056570000)]
  0x0000000054f10800 JavaThread "Reference Handler" daemon [_thread_blocked, id=2744, stack(0x00000000562a0000,0x00000000563a0000)]
  0x00000000020ce000 JavaThread "main" [_thread_blocked, id=1428, stack(0x0000000002200000,0x0000000002300000)]

Other Threads:
  0x0000000054f09000 VMThread [stack: 0x0000000056130000,0x0000000056230000] [id=1520]
  0x0000000056afa000 WatcherThread [stack: 0x00000000570f0000,0x00000000571f0000] [id=2616]

=>0x0000000002121000 (exited) GCTaskThread [stack: 0x0000000012140000,0x0000000012240000] [id=2264]

VM state:at safepoint (normal execution)

VM Mutex/Monitor currently owned by a thread:  ([mutex/lock_event])
[0x00000000020cc8d0] Threads_lock - owner thread: 0x0000000054f09000
[0x00000000020ccdd0] Heap_lock - owner thread: 0x0000000058234000

Heap:
 PSYoungGen      total 319488K, used 20728K [0x00000000eab00000, 0x0000000100000000, 0x0000000100000000)
  eden space 293888K, 0% used [0x00000000eab00000,0x00000000eab00000,0x00000000fca00000)
  from space 25600K, 80% used [0x00000000fe700000,0x00000000ffb3e3f0,0x0000000100000000)
  to   space 27648K, 0% used [0x00000000fca00000,0x00000000fca00000,0x00000000fe500000)
 ParOldGen       total 63488K, used 45532K [0x00000000c0000000, 0x00000000c3e00000, 0x00000000eab00000)
  object space 63488K, 71% used [0x00000000c0000000,0x00000000c2c772b8,0x00000000c3e00000)
 Metaspace       used 56709K, capacity 58988K, committed 59008K, reserved 1099776K
  class space    used 7737K, capacity 8304K, committed 8320K, reserved 1048576K

Card table byte_map: [0x0000000011ac0000,0x0000000011cd0000] byte_map_base: 0x00000000114c0000

Marking Bits: (ParMarkBitMap*) 0x0000000073513950
 Begin Bits: [0x0000000012380000, 0x0000000013380000)
 End Bits:   [0x0000000013380000, 0x0000000014380000)

Polling page: 0x0000000001b60000

CodeCache: size=245760Kb used=22550Kb max_used=23010Kb free=223209Kb
 bounds [0x0000000002700000, 0x0000000003d90000, 0x0000000011700000]
 total_blobs=7586 nmethods=6824 adapters=674
 compilation: enabled

Compilation events (10 events):
Event: 56.785 Thread 0x0000000056af7800 8049       3       sun.reflect.MethodAccessorGenerator::generate (762 bytes)
Event: 56.797 Thread 0x0000000056af7800 nmethod 8049 0x000000000345cb50 code [0x000000000345d9c0, 0x0000000003465828]
Event: 56.797 Thread 0x0000000056af7800 8047       3       sun.reflect.MethodAccessorGenerator::<init> (5 bytes)
Event: 56.798 Thread 0x0000000056af7800 nmethod 8047 0x0000000002e8b650 code [0x0000000002e8b7c0, 0x0000000002e8b9f0]
Event: 56.798 Thread 0x0000000056af7800 8048       3       sun.reflect.AccessorGenerator::<init> (17 bytes)
Event: 56.798 Thread 0x0000000056af7800 nmethod 8048 0x0000000002e8b290 code [0x0000000002e8b3e0, 0x0000000002e8b590]
Event: 56.887 Thread 0x0000000054f6c000 8051       4       java.util.concurrent.locks.ReentrantLock::tryLock (9 bytes)
Event: 56.888 Thread 0x0000000054f6c000 nmethod 8051 0x0000000002e8af90 code [0x0000000002e8b0c0, 0x0000000002e8b1b8]
Event: 56.890 Thread 0x0000000056af7800 8052   !   3       java.util.concurrent.CopyOnWriteArrayList::add (59 bytes)
Event: 56.891 Thread 0x0000000056af7800 nmethod 8052 0x000000000345b9d0 code [0x000000000345bba0, 0x000000000345c638]

GC Heap History (10 events):
Event: 29.627 GC heap after
Heap after GC invocations=8 (full 1):
 PSYoungGen      total 182784K, used 7163K [0x00000000eab00000, 0x00000000fef00000, 0x0000000100000000)
  eden space 168960K, 0% used [0x00000000eab00000,0x00000000eab00000,0x00000000f5000000)
  from space 13824K, 51% used [0x00000000f5000000,0x00000000f56fec48,0x00000000f5d80000)
  to   space 12800K, 0% used [0x00000000fe280000,0x00000000fe280000,0x00000000fef00000)
 ParOldGen       total 50176K, used 19366K [0x00000000c0000000, 0x00000000c3100000, 0x00000000eab00000)
  object space 50176K, 38% used [0x00000000c0000000,0x00000000c12e9890,0x00000000c3100000)
 Metaspace       used 34576K, capacity 35278K, committed 35416K, reserved 1079296K
  class space    used 4717K, capacity 5003K, committed 5120K, reserved 1048576K
}
Event: 29.627 GC heap before
{Heap before GC invocations=9 (full 2):
 PSYoungGen      total 182784K, used 7163K [0x00000000eab00000, 0x00000000fef00000, 0x0000000100000000)
  eden space 168960K, 0% used [0x00000000eab00000,0x00000000eab00000,0x00000000f5000000)
  from space 13824K, 51% used [0x00000000f5000000,0x00000000f56fec48,0x00000000f5d80000)
  to   space 12800K, 0% used [0x00000000fe280000,0x00000000fe280000,0x00000000fef00000)
 ParOldGen       total 50176K, used 19366K [0x00000000c0000000, 0x00000000c3100000, 0x00000000eab00000)
  object space 50176K, 38% used [0x00000000c0000000,0x00000000c12e9890,0x00000000c3100000)
 Metaspace       used 34576K, capacity 35278K, committed 35416K, reserved 1079296K
  class space    used 4717K, capacity 5003K, committed 5120K, reserved 1048576K
Event: 29.779 GC heap after
Heap after GC invocations=9 (full 2):
 PSYoungGen      total 182784K, used 0K [0x00000000eab00000, 0x00000000fef00000, 0x0000000100000000)
  eden space 168960K, 0% used [0x00000000eab00000,0x00000000eab00000,0x00000000f5000000)
  from space 13824K, 0% used [0x00000000f5000000,0x00000000f5000000,0x00000000f5d80000)
  to   space 12800K, 0% used [0x00000000fe280000,0x00000000fe280000,0x00000000fef00000)
 ParOldGen       total 63488K, used 19027K [0x00000000c0000000, 0x00000000c3e00000, 0x00000000eab00000)
  object space 63488K, 29% used [0x00000000c0000000,0x00000000c1294d90,0x00000000c3e00000)
 Metaspace       used 34576K, capacity 35278K, committed 35416K, reserved 1079296K
  class space    used 4717K, capacity 5003K, committed 5120K, reserved 1048576K
}
Event: 38.664 GC heap before
{Heap before GC invocations=10 (full 2):
 PSYoungGen      total 182784K, used 168960K [0x00000000eab00000, 0x00000000fef00000, 0x0000000100000000)
  eden space 168960K, 100% used [0x00000000eab00000,0x00000000f5000000,0x00000000f5000000)
  from space 13824K, 0% used [0x00000000f5000000,0x00000000f5000000,0x00000000f5d80000)
  to   space 12800K, 0% used [0x00000000fe280000,0x00000000fe280000,0x00000000fef00000)
 ParOldGen       total 63488K, used 19027K [0x00000000c0000000, 0x00000000c3e00000, 0x00000000eab00000)
  object space 63488K, 29% used [0x00000000c0000000,0x00000000c1294d90,0x00000000c3e00000)
 Metaspace       used 46694K, capacity 47686K, committed 48000K, reserved 1091584K
  class space    used 6291K, capacity 6701K, committed 6784K, reserved 1048576K
Event: 38.893 GC heap after
Heap after GC invocations=10 (full 2):
 PSYoungGen      total 315904K, used 12796K [0x00000000eab00000, 0x00000000ff480000, 0x0000000100000000)
  eden space 303104K, 0% used [0x00000000eab00000,0x00000000eab00000,0x00000000fd300000)
  from space 12800K, 99% used [0x00000000fe280000,0x00000000feeff150,0x00000000fef00000)
  to   space 15872K, 0% used [0x00000000fd300000,0x00000000fd300000,0x00000000fe280000)
 ParOldGen       total 63488K, used 22415K [0x00000000c0000000, 0x00000000c3e00000, 0x00000000eab00000)
  object space 63488K, 35% used [0x00000000c0000000,0x00000000c15e3eb8,0x00000000c3e00000)
 Metaspace       used 46694K, capacity 47686K, committed 48000K, reserved 1091584K
  class space    used 6291K, capacity 6701K, committed 6784K, reserved 1048576K
}
Event: 47.720 GC heap before
{Heap before GC invocations=11 (full 2):
 PSYoungGen      total 315904K, used 315900K [0x00000000eab00000, 0x00000000ff480000, 0x0000000100000000)
  eden space 303104K, 100% used [0x00000000eab00000,0x00000000fd300000,0x00000000fd300000)
  from space 12800K, 99% used [0x00000000fe280000,0x00000000feeff150,0x00000000fef00000)
  to   space 15872K, 0% used [0x00000000fd300000,0x00000000fd300000,0x00000000fe280000)
 ParOldGen       total 63488K, used 22415K [0x00000000c0000000, 0x00000000c3e00000, 0x00000000eab00000)
  object space 63488K, 35% used [0x00000000c0000000,0x00000000c15e3eb8,0x00000000c3e00000)
 Metaspace       used 53804K, capacity 55648K, committed 55808K, reserved 1097728K
  class space    used 7348K, capacity 7843K, committed 7936K, reserved 1048576K
Event: 47.869 GC heap after
Heap after GC invocations=11 (full 2):
 PSYoungGen      total 318976K, used 15841K [0x00000000eab00000, 0x0000000100000000, 0x0000000100000000)
  eden space 303104K, 0% used [0x00000000eab00000,0x00000000eab00000,0x00000000fd300000)
  from space 15872K, 99% used [0x00000000fd300000,0x00000000fe278700,0x00000000fe280000)
  to   space 25600K, 0% used [0x00000000fe700000,0x00000000fe700000,0x0000000100000000)
 ParOldGen       total 63488K, used 40497K [0x00000000c0000000, 0x00000000c3e00000, 0x00000000eab00000)
  object space 63488K, 63% used [0x00000000c0000000,0x00000000c278c448,0x00000000c3e00000)
 Metaspace       used 53804K, capacity 55648K, committed 55808K, reserved 1097728K
  class space    used 7348K, capacity 7843K, committed 7936K, reserved 1048576K
}
Event: 56.949 GC heap before
{Heap before GC invocations=12 (full 2):
 PSYoungGen      total 318976K, used 105695K [0x00000000eab00000, 0x0000000100000000, 0x0000000100000000)
  eden space 303104K, 29% used [0x00000000eab00000,0x00000000f02bf588,0x00000000fd300000)
  from space 15872K, 99% used [0x00000000fd300000,0x00000000fe278700,0x00000000fe280000)
  to   space 25600K, 0% used [0x00000000fe700000,0x00000000fe700000,0x0000000100000000)
 ParOldGen       total 63488K, used 40497K [0x00000000c0000000, 0x00000000c3e00000, 0x00000000eab00000)
  object space 63488K, 63% used [0x00000000c0000000,0x00000000c278c448,0x00000000c3e00000)
 Metaspace       used 56709K, capacity 58988K, committed 59008K, reserved 1099776K
  class space    used 7737K, capacity 8304K, committed 8320K, reserved 1048576K
Event: 57.194 GC heap after
Heap after GC invocations=12 (full 2):
 PSYoungGen      total 319488K, used 20728K [0x00000000eab00000, 0x0000000100000000, 0x0000000100000000)
  eden space 293888K, 0% used [0x00000000eab00000,0x00000000eab00000,0x00000000fca00000)
  from space 25600K, 80% used [0x00000000fe700000,0x00000000ffb3e3f0,0x0000000100000000)
  to   space 27648K, 0% used [0x00000000fca00000,0x00000000fca00000,0x00000000fe500000)
 ParOldGen       total 63488K, used 45532K [0x00000000c0000000, 0x00000000c3e00000, 0x00000000eab00000)
  object space 63488K, 71% used [0x00000000c0000000,0x00000000c2c772b8,0x00000000c3e00000)
 Metaspace       used 56709K, capacity 58988K, committed 59008K, reserved 1099776K
  class space    used 7737K, capacity 8304K, committed 8320K, reserved 1048576K
}
Event: 57.194 GC heap before
{Heap before GC invocations=13 (full 3):
 PSYoungGen      total 319488K, used 20728K [0x00000000eab00000, 0x0000000100000000, 0x0000000100000000)
  eden space 293888K, 0% used [0x00000000eab00000,0x00000000eab00000,0x00000000fca00000)
  from space 25600K, 80% used [0x00000000fe700000,0x00000000ffb3e3f0,0x0000000100000000)
  to   space 27648K, 0% used [0x00000000fca00000,0x00000000fca00000,0x00000000fe500000)
 ParOldGen       total 63488K, used 45532K [0x00000000c0000000, 0x00000000c3e00000, 0x00000000eab00000)
  object space 63488K, 71% used [0x00000000c0000000,0x00000000c2c772b8,0x00000000c3e00000)
 Metaspace       used 56709K, capacity 58988K, committed 59008K, reserved 1099776K
  class space    used 7737K, capacity 8304K, committed 8320K, reserved 1048576K

Deoptimization events (10 events):
Event: 56.466 Thread 0x0000000058234000 Uncommon trap: reason=class_check action=maybe_recompile pc=0x0000000003024218 method=java.io.ObjectOutputStream.writeNonProxyDesc(Ljava/io/ObjectStreamClass;Z)V @ 44
Event: 56.466 Thread 0x0000000058234000 Uncommon trap: reason=class_check action=maybe_recompile pc=0x00000000028c51f4 method=java.io.ObjectOutputStream$BlockDataOutputStream.drain()V @ 36
Event: 56.466 Thread 0x0000000058234000 Uncommon trap: reason=class_check action=maybe_recompile pc=0x0000000003024218 method=java.io.ObjectOutputStream.writeNonProxyDesc(Ljava/io/ObjectStreamClass;Z)V @ 44
Event: 56.466 Thread 0x0000000058234000 Uncommon trap: reason=class_check action=maybe_recompile pc=0x00000000028c51f4 method=java.io.ObjectOutputStream$BlockDataOutputStream.drain()V @ 36
Event: 56.466 Thread 0x0000000058234000 Uncommon trap: reason=class_check action=maybe_recompile pc=0x0000000003b7e618 method=java.io.ObjectOutputStream$BlockDataOutputStream.drain()V @ 36
Event: 56.466 Thread 0x0000000058234000 Uncommon trap: reason=class_check action=maybe_recompile pc=0x0000000003024218 method=java.io.ObjectOutputStream.writeNonProxyDesc(Ljava/io/ObjectStreamClass;Z)V @ 44
Event: 56.466 Thread 0x0000000058234000 Uncommon trap: reason=class_check action=maybe_recompile pc=0x00000000028c51f4 method=java.io.ObjectOutputStream$BlockDataOutputStream.drain()V @ 36
Event: 56.469 Thread 0x0000000058234000 Uncommon trap: reason=unstable_if action=reinterpret pc=0x00000000030252ec method=java.io.ObjectOutputStream.writeClassDesc(Ljava/io/ObjectStreamClass;Z)V @ 41
Event: 56.469 Thread 0x0000000058234000 Uncommon trap: reason=unstable_if action=reinterpret pc=0x0000000002a32fd0 method=java.lang.reflect.Proxy.isProxyClass(Ljava/lang/Class;)Z @ 6
Event: 56.475 Thread 0x0000000058234000 Uncommon trap: reason=unstable_if action=reinterpret pc=0x00000000033ed970 method=java.io.ObjectOutputStream$HandleTable.assign(Ljava/lang/Object;)I @ 24

Classes redefined (0 events):
No events

Internal exceptions (10 events):
Event: 49.262 Thread 0x0000000058234000 Exception <a 'java/lang/ClassNotFoundException': com/google/common/collect/AbstractMapBasedMultimap$WrappedListCustomizer> (0x00000000ec89c4f8) thrown at [D:\src\AOSP-openjdk-cygwin\jdk8u\hotspot\src\share\vm\classfile\systemDictionary.cpp, line 210]
Event: 49.263 Thread 0x0000000058234000 Exception <a 'java/lang/ClassNotFoundException': com/google/common/collect/AbstractMapBasedMultimap$RandomAccessWrappedListCustomizer> (0x00000000ec8bf5a0) thrown at [D:\src\AOSP-openjdk-cygwin\jdk8u\hotspot\src\share\vm\classfile\systemDictionary.cpp, li
Event: 49.275 Thread 0x0000000058234000 Exception <a 'java/lang/ClassNotFoundException': org/jetbrains/plugins/gradle/model/DefaultExternalLibraryDependencyBeanInfo> (0x00000000ec933bd0) thrown at [D:\src\AOSP-openjdk-cygwin\jdk8u\hotspot\src\share\vm\classfile\systemDictionary.cpp, line 210]
Event: 49.276 Thread 0x0000000058234000 Exception <a 'java/lang/ClassNotFoundException': org/jetbrains/plugins/gradle/model/AbstractExternalDependencyBeanInfo> (0x00000000ec943e90) thrown at [D:\src\AOSP-openjdk-cygwin\jdk8u\hotspot\src\share\vm\classfile\systemDictionary.cpp, line 210]
Event: 49.276 Thread 0x0000000058234000 Exception <a 'java/lang/ClassNotFoundException': org/jetbrains/plugins/gradle/model/AbstractExternalDependencyCustomizer> (0x00000000ec954358) thrown at [D:\src\AOSP-openjdk-cygwin\jdk8u\hotspot\src\share\vm\classfile\systemDictionary.cpp, line 210]
Event: 49.277 Thread 0x0000000058234000 Exception <a 'java/lang/ClassNotFoundException': org/jetbrains/plugins/gradle/model/DefaultExternalLibraryDependencyCustomizer> (0x00000000ec981ab0) thrown at [D:\src\AOSP-openjdk-cygwin\jdk8u\hotspot\src\share\vm\classfile\systemDictionary.cpp, line 210]
Event: 51.120 Thread 0x0000000058900000 Implicit null exception at 0x0000000002c83ce0 to 0x0000000002c8400e
Event: 55.866 Thread 0x0000000058234000 Exception <a 'java/lang/NoSuchMethodError': java.lang.Object.lambda$negate$1(Ljava/lang/Object;)Z> (0x00000000ef0b5ab0) thrown at [D:\src\AOSP-openjdk-cygwin\jdk8u\hotspot\src\share\vm\interpreter\linkResolver.cpp, line 584]
Event: 56.394 Thread 0x0000000058234000 Exception <a 'java/lang/ClassNotFoundException': java/util/CollectionsBeanInfo> (0x00000000ef94bbc8) thrown at [D:\src\AOSP-openjdk-cygwin\jdk8u\hotspot\src\share\vm\classfile\systemDictionary.cpp, line 210]
Event: 56.394 Thread 0x0000000058234000 Exception <a 'java/lang/ClassNotFoundException': java/util/CollectionsCustomizer> (0x00000000ef952580) thrown at [D:\src\AOSP-openjdk-cygwin\jdk8u\hotspot\src\share\vm\classfile\systemDictionary.cpp, line 210]

Events (10 events):
Event: 56.945 loading class java/time/ZoneRegion
Event: 56.945 loading class java/time/ZoneRegion done
Event: 56.945 loading class java/time/zone/ZoneRulesProvider
Event: 56.946 loading class java/time/zone/ZoneRulesProvider done
Event: 56.946 loading class java/time/zone/ZoneRulesProvider$1
Event: 56.946 loading class java/time/zone/ZoneRulesProvider$1 done
Event: 56.946 loading class java/time/zone/TzdbZoneRulesProvider
Event: 56.946 loading class java/time/zone/TzdbZoneRulesProvider done
Event: 56.949 loading class java/time/zone/Ser
Event: 56.949 Executing VM operation: CollectForMetadataAllocation


Dynamic libraries:
0x000000013fff0000 - 0x0000000140021000 	C:\Program Files\Android\Android Studio\jre\bin\java.exe
0x0000000077b90000 - 0x0000000077d39000 	C:\Windows\SYSTEM32\ntdll.dll
0x0000000077a70000 - 0x0000000077b8f000 	C:\Windows\system32\kernel32.dll
0x000007fefdc30000 - 0x000007fefdc9b000 	C:\Windows\system32\KERNELBASE.dll
0x000007feff900000 - 0x000007feff9db000 	C:\Windows\system32\ADVAPI32.dll
0x000007feffe00000 - 0x000007feffe9f000 	C:\Windows\system32\msvcrt.dll
0x000007fefdeb0000 - 0x000007fefdecf000 	C:\Windows\SYSTEM32\sechost.dll
0x000007feff9e0000 - 0x000007feffb0d000 	C:\Windows\system32\RPCRT4.dll
0x0000000077970000 - 0x0000000077a6a000 	C:\Windows\system32\USER32.dll
0x000007fefe6f0000 - 0x000007fefe757000 	C:\Windows\system32\GDI32.dll
0x000007fefe250000 - 0x000007fefe25e000 	C:\Windows\system32\LPK.dll
0x000007fefe080000 - 0x000007fefe149000 	C:\Windows\system32\USP10.dll
0x000007fefc4d0000 - 0x000007fefc6c4000 	C:\Windows\WinSxS\amd64_microsoft.windows.common-controls_6595b64144ccf1df_6.0.7601.17514_none_fa396087175ac9ac\COMCTL32.dll
0x000007feff650000 - 0x000007feff6c1000 	C:\Windows\system32\SHLWAPI.dll
0x000007fefe760000 - 0x000007fefe78e000 	C:\Windows\system32\IMM32.DLL
0x000007feffb10000 - 0x000007feffc19000 	C:\Windows\system32\MSCTF.dll
0x0000000072c70000 - 0x0000000072d42000 	C:\Program Files\Android\Android Studio\jre\jre\bin\msvcr100.dll
0x0000000072d50000 - 0x000000007358e000 	C:\Program Files\Android\Android Studio\jre\jre\bin\server\jvm.dll
0x000007fef4a50000 - 0x000007fef4a59000 	C:\Windows\system32\WSOCK32.dll
0x000007fefded0000 - 0x000007fefdf1d000 	C:\Windows\system32\WS2_32.dll
0x000007fefe3e0000 - 0x000007fefe3e8000 	C:\Windows\system32\NSI.dll
0x000007fef9510000 - 0x000007fef954b000 	C:\Windows\system32\WINMM.dll
0x000007fefcc40000 - 0x000007fefcc4c000 	C:\Windows\system32\VERSION.dll
0x0000000077d60000 - 0x0000000077d67000 	C:\Windows\system32\PSAPI.DLL
0x000007fef45d0000 - 0x000007fef45df000 	C:\Program Files\Android\Android Studio\jre\jre\bin\verify.dll
0x000007fef45a0000 - 0x000007fef45c9000 	C:\Program Files\Android\Android Studio\jre\jre\bin\java.dll
0x000007fef4580000 - 0x000007fef4596000 	C:\Program Files\Android\Android Studio\jre\jre\bin\zip.dll
0x000007fefe790000 - 0x000007feff518000 	C:\Windows\system32\SHELL32.dll
0x000007feff6f0000 - 0x000007feff8f3000 	C:\Windows\system32\ole32.dll
0x000007fefdae0000 - 0x000007fefdaef000 	C:\Windows\system32\profapi.dll
0x000007fef44c0000 - 0x000007fef44da000 	C:\Program Files\Android\Android Studio\jre\jre\bin\net.dll
0x000007fefd310000 - 0x000007fefd365000 	C:\Windows\system32\mswsock.dll
0x000007fefd300000 - 0x000007fefd307000 	C:\Windows\System32\wship6.dll
0x000007fef44a0000 - 0x000007fef44b1000 	C:\Program Files\Android\Android Studio\jre\jre\bin\nio.dll
0x000007fefa440000 - 0x000007fefa45e000 	C:\Users\Lenovo\.gradle\native\25\windows-amd64\native-platform.dll
0x000007fef3e80000 - 0x000007fef3e8d000 	C:\Program Files\Android\Android Studio\jre\jre\bin\management.dll
0x000007fefd370000 - 0x000007fefd387000 	C:\Windows\system32\CRYPTSP.dll
0x000007fefd070000 - 0x000007fefd0b7000 	C:\Windows\system32\rsaenh.dll
0x000007fefce30000 - 0x000007fefce4e000 	C:\Windows\system32\USERENV.dll
0x000007fefd9d0000 - 0x000007fefd9df000 	C:\Windows\system32\CRYPTBASE.dll
0x000007fefb650000 - 0x000007fefb677000 	C:\Windows\system32\IPHLPAPI.DLL
0x000007fefb640000 - 0x000007fefb64b000 	C:\Windows\system32\WINNSI.DLL
0x000007fefb570000 - 0x000007fefb581000 	C:\Windows\system32\dhcpcsvc6.DLL
0x000007fefb550000 - 0x000007fefb568000 	C:\Windows\system32\dhcpcsvc.DLL
0x000007fef8ed0000 - 0x000007fef8ff5000 	C:\Windows\system32\dbghelp.dll

VM Arguments:
jvm_args: -Xmx1024m -Dfile.encoding=windows-1252 -Duser.country=US -Duser.language=en -Duser.variant 
java_command: org.gradle.launcher.daemon.bootstrap.GradleDaemon 4.1
java_class_path (initial): C:\Users\Lenovo\.gradle\wrapper\dists\gradle-4.1-all\bzyivzo6n839fup2jbap0tjew\gradle-4.1\lib\gradle-launcher-4.1.jar
Launcher Type: SUN_STANDARD

Environment Variables:
JAVA_HOME=C:\Program Files\Java\jdk1.8.0_45
PATH=C:\ProgramData\Oracle\Java\javapath;C:\Windows\system32;C:\Windows;C:\Windows\System32\Wbem;C:\Windows\System32\WindowsPowerShell\v1.0\;C:\Program Files\Java\jdk1.8.0_45\bin;
USERNAME=Lenovo
OS=Windows_NT
PROCESSOR_IDENTIFIER=Intel64 Family 6 Model 42 Stepping 7, GenuineIntel



---------------  S Y S T E M  ---------------

OS: Windows 7 , 64 bit Build 7601 (6.1.7601.17514)

CPU:total 4 (initial active 4) (2 cores per cpu, 2 threads per core) family 6 model 42 stepping 7, cmov, cx8, fxsr, mmx, sse, sse2, sse3, ssse3, sse4.1, sse4.2, popcnt, avx, clmul, ht, tsc, tscinvbit

Memory: 4k page, physical 6111556k(3352900k free), swap 12221268k(9080812k free)

vm_info: OpenJDK 64-Bit Server VM (25.152-b01) for windows-amd64 JRE (1.8.0_152-release-915-b01), built by "builder" with MS VC++ 10.0 (VS2010)

time: Mon Jan 01 20:37:04 2018
elapsed time: 57 seconds (0d 0h 0m 57s)

